<?xml version="1.0" encoding="UTF-8"?>
<!-- Generated by org.testng.reporters.JUnitXMLReporter -->
<testsuite ignored="0" hostname="DESKTOP-64VRLD2" failures="0" tests="3" name="Default test" time="11.584" errors="0" timestamp="05 Feb 2024 12:57:46 GMT">
  <testcase classname="TestClass.DataProviderTest" name="TestChrome" time="5.217"/>
  <testcase classname="TestClass.DataProviderTest" name="TestChrome" time="3.848"/>
  <testcase classname="TestClass.DataProviderTest" name="TestChrome" time="2.489"/>
</testsuite> <!-- Default test -->
