<?xml version="1.0" encoding="UTF-8"?>
<testng-results ignored="0" total="1" passed="1" failed="0" skipped="0">
  <reporter-output>
  </reporter-output>
  <suite started-at="2024-01-23T10:42:36Z" name="Default suite" finished-at="2024-01-23T10:42:37Z" duration-ms="748">
    <groups>
    </groups>
    <test started-at="2024-01-23T10:42:36Z" name="Default test" finished-at="2024-01-23T10:42:37Z" duration-ms="748">
      <class name="Utility.ExcelOperations">
        <test-method signature="getExcelData()[pri:0, instance:Utility.ExcelOperations@54504ecd]" started-at="2024-01-23T10:42:36Z" name="getExcelData" finished-at="2024-01-23T10:42:37Z" duration-ms="732" status="PASS">
          <reporter-output>
          </reporter-output>
        </test-method> <!-- getExcelData -->
      </class> <!-- Utility.ExcelOperations -->
    </test> <!-- Default test -->
  </suite> <!-- Default suite -->
</testng-results>
