<?xml version="1.0" encoding="UTF-8"?>
<testng-results ignored="0" total="1" passed="1" failed="0" skipped="0">
  <reporter-output>
  </reporter-output>
  <suite started-at="2022-07-05T22:03:36 IST" name="Default suite" finished-at="2022-07-05T22:04:09 IST" duration-ms="32968">
    <groups>
    </groups>
    <test started-at="2022-07-05T22:03:36 IST" name="Default test" finished-at="2022-07-05T22:04:09 IST" duration-ms="32968">
      <class name="TestClass.select">
        <test-method signature="sel_deSel()[pri:1, instance:TestClass.select@303cf2ba]" started-at="2022-07-05T22:03:36 IST" name="sel_deSel" finished-at="2022-07-05T22:04:09 IST" duration-ms="32931" status="PASS">
          <reporter-output>
          </reporter-output>
        </test-method> <!-- sel_deSel -->
        <test-method is-config="true" signature="tearDown()[pri:0, instance:TestClass.select@303cf2ba]" started-at="2022-07-05T22:04:09 IST" name="tearDown" finished-at="2022-07-05T22:04:12 IST" duration-ms="3279" status="PASS">
          <reporter-output>
          </reporter-output>
        </test-method> <!-- tearDown -->
      </class> <!-- TestClass.select -->
    </test> <!-- Default test -->
  </suite> <!-- Default suite -->
</testng-results>
